{"/Users/piya/Desktop/lad/yod10-tutorial-frontend/src/http-common.js": {"path":"/Users/piya/Desktop/lad/yod10-tutorial-frontend/src/http-common.js","statementMap":{"0":{"start":{"line":3,"column":16},"end":{"line":3,"column":55}}},"fnMap":{},"branchMap":{},"s":{"0":1},"f":{},"b":{},"_coverageSchema":"43e27e138ebf9cfc5966b082cf9a028302ed4184","hash":"7d7f99ed020060f6b7e3e60d81bd1753a089bdb5"}
,"/Users/piya/Desktop/lad/yod10-tutorial-frontend/src/components/AddTutorial.vue": {"path":"/Users/piya/Desktop/lad/yod10-tutorial-frontend/src/components/AddTutorial.vue","statementMap":{"0":{"start":{"line":38,"column":0},"end":{"line":38,"column":null}},"1":{"start":{"line":39,"column":15},"end":{"line":39,"column":null}},"2":{"start":{"line":42,"column":8},"end":{"line":42,"column":15}},"3":{"start":{"line":54,"column":23},"end":{"line":54,"column":null}},"4":{"start":{"line":59,"column":12},"end":{"line":59,"column":32}},"5":{"start":{"line":60,"column":17},"end":{"line":60,"column":22}},"6":{"start":{"line":61,"column":17},"end":{"line":61,"column":24}},"7":{"start":{"line":62,"column":17},"end":{"line":62,"column":22}},"8":{"start":{"line":64,"column":16},"end":{"line":64,"column":23}},"9":{"start":{"line":68,"column":12},"end":{"line":68,"column":17}},"10":{"start":{"line":69,"column":12},"end":{"line":69,"column":17}}},"fnMap":{"0":{"name":"(anonymous_0)","decl":{"start":{"line":41,"column":4},"end":{"line":41,"column":8}},"loc":{"start":{"line":41,"column":11},"end":{"line":51,"column":null}}},"1":{"name":"(anonymous_1)","decl":{"start":{"line":53,"column":8},"end":{"line":53,"column":20}},"loc":{"start":{"line":53,"column":22},"end":{"line":66,"column":null}}},"2":{"name":"(anonymous_2)","decl":{"start":{"line":59,"column":50},"end":{"line":59,"column":58}},"loc":{"start":{"line":59,"column":62},"end":{"line":63,"column":15}}},"3":{"name":"(anonymous_3)","decl":{"start":{"line":63,"column":21},"end":{"line":63,"column":22}},"loc":{"start":{"line":63,"column":26},"end":{"line":65,"column":null}}},"4":{"name":"(anonymous_4)","decl":{"start":{"line":67,"column":8},"end":{"line":67,"column":19}},"loc":{"start":{"line":67,"column":22},"end":{"line":70,"column":null}}}},"branchMap":{},"s":{"0":0,"1":0,"2":0,"3":0,"4":0,"5":0,"6":0,"7":0,"8":0,"9":0,"10":0},"f":{"0":0,"1":0,"2":0,"3":0,"4":0},"b":{}}
,"/Users/piya/Desktop/lad/yod10-tutorial-frontend/src/components/HelloWorld.vue": {"path":"/Users/piya/Desktop/lad/yod10-tutorial-frontend/src/components/HelloWorld.vue","statementMap":{"0":{"start":{"line":37,"column":15},"end":{"line":37,"column":null}}},"fnMap":{},"branchMap":{},"s":{"0":1},"f":{},"b":{}}
,"/Users/piya/Desktop/lad/yod10-tutorial-frontend/src/components/Tutorial.vue": {"path":"/Users/piya/Desktop/lad/yod10-tutorial-frontend/src/components/Tutorial.vue","statementMap":{"0":{"start":{"line":57,"column":0},"end":{"line":57,"column":null}},"1":{"start":{"line":59,"column":15},"end":{"line":59,"column":null}},"2":{"start":{"line":62,"column":4},"end":{"line":62,"column":11}},"3":{"start":{"line":70,"column":6},"end":{"line":70,"column":26}},"4":{"start":{"line":72,"column":10},"end":{"line":72,"column":15}},"5":{"start":{"line":73,"column":10},"end":{"line":73,"column":17}},"6":{"start":{"line":76,"column":10},"end":{"line":76,"column":17}},"7":{"start":{"line":81,"column":17},"end":{"line":81,"column":null}},"8":{"start":{"line":88,"column":6},"end":{"line":88,"column":26}},"9":{"start":{"line":90,"column":10},"end":{"line":90,"column":15}},"10":{"start":{"line":91,"column":10},"end":{"line":91,"column":17}},"11":{"start":{"line":94,"column":10},"end":{"line":94,"column":17}},"12":{"start":{"line":99,"column":6},"end":{"line":99,"column":26}},"13":{"start":{"line":101,"column":10},"end":{"line":101,"column":17}},"14":{"start":{"line":102,"column":10},"end":{"line":102,"column":15}},"15":{"start":{"line":105,"column":10},"end":{"line":105,"column":17}},"16":{"start":{"line":110,"column":6},"end":{"line":110,"column":26}},"17":{"start":{"line":112,"column":10},"end":{"line":112,"column":17}},"18":{"start":{"line":114,"column":10},"end":{"line":114,"column":15}},"19":{"start":{"line":117,"column":10},"end":{"line":117,"column":17}},"20":{"start":{"line":118,"column":10},"end":{"line":118,"column":17}},"21":{"start":{"line":123,"column":4},"end":{"line":123,"column":9}},"22":{"start":{"line":125,"column":4},"end":{"line":125,"column":9}}},"fnMap":{"0":{"name":"(anonymous_0)","decl":{"start":{"line":61,"column":2},"end":{"line":61,"column":6}},"loc":{"start":{"line":61,"column":9},"end":{"line":66,"column":null}}},"1":{"name":"(anonymous_1)","decl":{"start":{"line":68,"column":4},"end":{"line":68,"column":15}},"loc":{"start":{"line":68,"column":20},"end":{"line":78,"column":null}}},"2":{"name":"(anonymous_2)","decl":{"start":{"line":71,"column":14},"end":{"line":71,"column":22}},"loc":{"start":{"line":71,"column":26},"end":{"line":74,"column":null}}},"3":{"name":"(anonymous_3)","decl":{"start":{"line":75,"column":15},"end":{"line":75,"column":16}},"loc":{"start":{"line":75,"column":20},"end":{"line":77,"column":null}}},"4":{"name":"(anonymous_4)","decl":{"start":{"line":80,"column":4},"end":{"line":80,"column":19}},"loc":{"start":{"line":80,"column":28},"end":{"line":96,"column":null}}},"5":{"name":"(anonymous_5)","decl":{"start":{"line":89,"column":14},"end":{"line":89,"column":22}},"loc":{"start":{"line":89,"column":26},"end":{"line":92,"column":null}}},"6":{"name":"(anonymous_6)","decl":{"start":{"line":93,"column":15},"end":{"line":93,"column":16}},"loc":{"start":{"line":93,"column":20},"end":{"line":95,"column":null}}},"7":{"name":"(anonymous_7)","decl":{"start":{"line":98,"column":4},"end":{"line":98,"column":18}},"loc":{"start":{"line":98,"column":21},"end":{"line":107,"column":null}}},"8":{"name":"(anonymous_8)","decl":{"start":{"line":100,"column":14},"end":{"line":100,"column":22}},"loc":{"start":{"line":100,"column":26},"end":{"line":103,"column":null}}},"9":{"name":"(anonymous_9)","decl":{"start":{"line":104,"column":15},"end":{"line":104,"column":16}},"loc":{"start":{"line":104,"column":20},"end":{"line":106,"column":null}}},"10":{"name":"(anonymous_10)","decl":{"start":{"line":109,"column":4},"end":{"line":109,"column":18}},"loc":{"start":{"line":109,"column":21},"end":{"line":120,"column":null}}},"11":{"name":"(anonymous_11)","decl":{"start":{"line":111,"column":14},"end":{"line":111,"column":22}},"loc":{"start":{"line":111,"column":26},"end":{"line":115,"column":null}}},"12":{"name":"(anonymous_12)","decl":{"start":{"line":116,"column":15},"end":{"line":116,"column":16}},"loc":{"start":{"line":116,"column":20},"end":{"line":119,"column":null}}},"13":{"name":"(anonymous_13)","decl":{"start":{"line":122,"column":2},"end":{"line":122,"column":9}},"loc":{"start":{"line":122,"column":12},"end":{"line":126,"column":null}}}},"branchMap":{},"s":{"0":0,"1":0,"2":0,"3":0,"4":0,"5":0,"6":0,"7":0,"8":0,"9":0,"10":0,"11":0,"12":0,"13":0,"14":0,"15":0,"16":0,"17":0,"18":0,"19":0,"20":0,"21":0,"22":0},"f":{"0":0,"1":0,"2":0,"3":0,"4":0,"5":0,"6":0,"7":0,"8":0,"9":0,"10":0,"11":0,"12":0,"13":0},"b":{}}
,"/Users/piya/Desktop/lad/yod10-tutorial-frontend/src/components/TutorialsList.vue": {"path":"/Users/piya/Desktop/lad/yod10-tutorial-frontend/src/components/TutorialsList.vue","statementMap":{"0":{"start":{"line":57,"column":0},"end":{"line":57,"column":null}},"1":{"start":{"line":59,"column":15},"end":{"line":59,"column":null}},"2":{"start":{"line":62,"column":4},"end":{"line":62,"column":11}},"3":{"start":{"line":71,"column":6},"end":{"line":71,"column":26}},"4":{"start":{"line":73,"column":10},"end":{"line":73,"column":15}},"5":{"start":{"line":74,"column":10},"end":{"line":74,"column":17}},"6":{"start":{"line":77,"column":10},"end":{"line":77,"column":17}},"7":{"start":{"line":82,"column":6},"end":{"line":82,"column":11}},"8":{"start":{"line":83,"column":6},"end":{"line":83,"column":11}},"9":{"start":{"line":84,"column":6},"end":{"line":84,"column":11}},"10":{"start":{"line":88,"column":6},"end":{"line":88,"column":11}},"11":{"start":{"line":89,"column":6},"end":{"line":89,"column":11}},"12":{"start":{"line":93,"column":6},"end":{"line":93,"column":26}},"13":{"start":{"line":95,"column":10},"end":{"line":95,"column":17}},"14":{"start":{"line":96,"column":10},"end":{"line":96,"column":15}},"15":{"start":{"line":99,"column":10},"end":{"line":99,"column":17}},"16":{"start":{"line":104,"column":6},"end":{"line":104,"column":26}},"17":{"start":{"line":106,"column":10},"end":{"line":106,"column":15}},"18":{"start":{"line":107,"column":10},"end":{"line":107,"column":17}},"19":{"start":{"line":110,"column":10},"end":{"line":110,"column":17}},"20":{"start":{"line":115,"column":4},"end":{"line":115,"column":9}}},"fnMap":{"0":{"name":"(anonymous_0)","decl":{"start":{"line":61,"column":2},"end":{"line":61,"column":6}},"loc":{"start":{"line":61,"column":9},"end":{"line":68,"column":null}}},"1":{"name":"(anonymous_1)","decl":{"start":{"line":70,"column":4},"end":{"line":70,"column":21}},"loc":{"start":{"line":70,"column":24},"end":{"line":79,"column":null}}},"2":{"name":"(anonymous_2)","decl":{"start":{"line":72,"column":14},"end":{"line":72,"column":22}},"loc":{"start":{"line":72,"column":26},"end":{"line":75,"column":null}}},"3":{"name":"(anonymous_3)","decl":{"start":{"line":76,"column":15},"end":{"line":76,"column":16}},"loc":{"start":{"line":76,"column":20},"end":{"line":78,"column":null}}},"4":{"name":"(anonymous_4)","decl":{"start":{"line":81,"column":4},"end":{"line":81,"column":15}},"loc":{"start":{"line":81,"column":18},"end":{"line":85,"column":null}}},"5":{"name":"(anonymous_5)","decl":{"start":{"line":87,"column":4},"end":{"line":87,"column":21}},"loc":{"start":{"line":87,"column":39},"end":{"line":90,"column":null}}},"6":{"name":"(anonymous_6)","decl":{"start":{"line":92,"column":4},"end":{"line":92,"column":22}},"loc":{"start":{"line":92,"column":25},"end":{"line":101,"column":null}}},"7":{"name":"(anonymous_7)","decl":{"start":{"line":94,"column":14},"end":{"line":94,"column":22}},"loc":{"start":{"line":94,"column":26},"end":{"line":97,"column":null}}},"8":{"name":"(anonymous_8)","decl":{"start":{"line":98,"column":15},"end":{"line":98,"column":16}},"loc":{"start":{"line":98,"column":20},"end":{"line":100,"column":null}}},"9":{"name":"(anonymous_9)","decl":{"start":{"line":103,"column":4},"end":{"line":103,"column":15}},"loc":{"start":{"line":103,"column":18},"end":{"line":112,"column":null}}},"10":{"name":"(anonymous_10)","decl":{"start":{"line":105,"column":14},"end":{"line":105,"column":22}},"loc":{"start":{"line":105,"column":26},"end":{"line":108,"column":null}}},"11":{"name":"(anonymous_11)","decl":{"start":{"line":109,"column":15},"end":{"line":109,"column":16}},"loc":{"start":{"line":109,"column":20},"end":{"line":111,"column":null}}},"12":{"name":"(anonymous_12)","decl":{"start":{"line":114,"column":2},"end":{"line":114,"column":9}},"loc":{"start":{"line":114,"column":12},"end":{"line":116,"column":null}}}},"branchMap":{},"s":{"0":1,"1":1,"2":1,"3":1,"4":0,"5":0,"6":0,"7":0,"8":0,"9":0,"10":0,"11":0,"12":0,"13":0,"14":0,"15":0,"16":0,"17":0,"18":0,"19":0,"20":1},"f":{"0":1,"1":1,"2":0,"3":0,"4":0,"5":0,"6":0,"7":0,"8":0,"9":0,"10":0,"11":0,"12":1},"b":{}}
,"/Users/piya/Desktop/lad/yod10-tutorial-frontend/src/router/index.js": {"path":"/Users/piya/Desktop/lad/yod10-tutorial-frontend/src/router/index.js","statementMap":{"0":{"start":{"line":3,"column":15},"end":{"line":20,"column":1}},"1":{"start":{"line":8,"column":21},"end":{"line":8,"column":58}},"2":{"start":{"line":13,"column":21},"end":{"line":13,"column":53}},"3":{"start":{"line":18,"column":21},"end":{"line":18,"column":56}},"4":{"start":{"line":22,"column":15},"end":{"line":25,"column":2}}},"fnMap":{"0":{"name":"(anonymous_0)","decl":{"start":{"line":8,"column":15},"end":{"line":8,"column":16}},"loc":{"start":{"line":8,"column":21},"end":{"line":8,"column":58}},"line":8},"1":{"name":"(anonymous_1)","decl":{"start":{"line":13,"column":15},"end":{"line":13,"column":16}},"loc":{"start":{"line":13,"column":21},"end":{"line":13,"column":53}},"line":13},"2":{"name":"(anonymous_2)","decl":{"start":{"line":18,"column":15},"end":{"line":18,"column":16}},"loc":{"start":{"line":18,"column":21},"end":{"line":18,"column":56}},"line":18}},"branchMap":{},"s":{"0":0,"1":0,"2":0,"3":0,"4":0},"f":{"0":0,"1":0,"2":0},"b":{},"hash":"28866bbdd0da29de113581a0a1d2f421c150e7dc"}
,"/Users/piya/Desktop/lad/yod10-tutorial-frontend/src/services/TutorialDataService.js": {"path":"/Users/piya/Desktop/lad/yod10-tutorial-frontend/src/services/TutorialDataService.js","statementMap":{"0":{"start":{"line":5,"column":6},"end":{"line":5,"column":36}},"1":{"start":{"line":9,"column":6},"end":{"line":9,"column":42}},"2":{"start":{"line":13,"column":6},"end":{"line":13,"column":43}},"3":{"start":{"line":17,"column":6},"end":{"line":17,"column":48}},"4":{"start":{"line":21,"column":6},"end":{"line":21,"column":45}},"5":{"start":{"line":25,"column":6},"end":{"line":25,"column":39}},"6":{"start":{"line":29,"column":6},"end":{"line":29,"column":51}}},"fnMap":{"0":{"name":"(anonymous_0)","decl":{"start":{"line":4,"column":4},"end":{"line":4,"column":5}},"loc":{"start":{"line":4,"column":13},"end":{"line":6,"column":5}},"line":4},"1":{"name":"(anonymous_1)","decl":{"start":{"line":8,"column":4},"end":{"line":8,"column":5}},"loc":{"start":{"line":8,"column":12},"end":{"line":10,"column":5}},"line":8},"2":{"name":"(anonymous_2)","decl":{"start":{"line":12,"column":4},"end":{"line":12,"column":5}},"loc":{"start":{"line":12,"column":17},"end":{"line":14,"column":5}},"line":12},"3":{"name":"(anonymous_3)","decl":{"start":{"line":16,"column":4},"end":{"line":16,"column":5}},"loc":{"start":{"line":16,"column":21},"end":{"line":18,"column":5}},"line":16},"4":{"name":"(anonymous_4)","decl":{"start":{"line":20,"column":4},"end":{"line":20,"column":5}},"loc":{"start":{"line":20,"column":15},"end":{"line":22,"column":5}},"line":20},"5":{"name":"(anonymous_5)","decl":{"start":{"line":24,"column":4},"end":{"line":24,"column":5}},"loc":{"start":{"line":24,"column":16},"end":{"line":26,"column":5}},"line":24},"6":{"name":"(anonymous_6)","decl":{"start":{"line":28,"column":4},"end":{"line":28,"column":5}},"loc":{"start":{"line":28,"column":23},"end":{"line":30,"column":5}},"line":28}},"branchMap":{},"s":{"0":1,"1":0,"2":0,"3":0,"4":0,"5":0,"6":0},"f":{"0":1,"1":0,"2":0,"3":0,"4":0,"5":0,"6":0},"b":{},"_coverageSchema":"43e27e138ebf9cfc5966b082cf9a028302ed4184","hash":"387a55a1265ced2c34b255ab26e0866ac0c6c05f"}
}
