TN:
SF:/Users/piya/Desktop/lad/yod10-tutorial-frontend/src/http-common.js
FNF:0
FNH:0
DA:3,1
LF:1
LH:1
BRF:0
BRH:0
end_of_record
TN:
SF:/Users/piya/Desktop/lad/yod10-tutorial-frontend/src/components/AddTutorial.vue
FN:41,(anonymous_0)
FN:53,(anonymous_1)
FN:59,(anonymous_2)
FN:63,(anonymous_3)
FN:67,(anonymous_4)
FNF:5
FNH:0
FNDA:0,(anonymous_0)
FNDA:0,(anonymous_1)
FNDA:0,(anonymous_2)
FNDA:0,(anonymous_3)
FNDA:0,(anonymous_4)
DA:38,0
DA:39,0
DA:42,0
DA:54,0
DA:59,0
DA:60,0
DA:61,0
DA:62,0
DA:64,0
DA:68,0
DA:69,0
LF:11
LH:0
BRF:0
BRH:0
end_of_record
TN:
SF:/Users/piya/Desktop/lad/yod10-tutorial-frontend/src/components/HelloWorld.vue
FNF:0
FNH:0
DA:37,1
LF:1
LH:1
BRF:0
BRH:0
end_of_record
TN:
SF:/Users/piya/Desktop/lad/yod10-tutorial-frontend/src/components/Tutorial.vue
FN:61,(anonymous_0)
FN:68,(anonymous_1)
FN:71,(anonymous_2)
FN:75,(anonymous_3)
FN:80,(anonymous_4)
FN:89,(anonymous_5)
FN:93,(anonymous_6)
FN:98,(anonymous_7)
FN:100,(anonymous_8)
FN:104,(anonymous_9)
FN:109,(anonymous_10)
FN:111,(anonymous_11)
FN:116,(anonymous_12)
FN:122,(anonymous_13)
FNF:14
FNH:0
FNDA:0,(anonymous_0)
FNDA:0,(anonymous_1)
FNDA:0,(anonymous_2)
FNDA:0,(anonymous_3)
FNDA:0,(anonymous_4)
FNDA:0,(anonymous_5)
FNDA:0,(anonymous_6)
FNDA:0,(anonymous_7)
FNDA:0,(anonymous_8)
FNDA:0,(anonymous_9)
FNDA:0,(anonymous_10)
FNDA:0,(anonymous_11)
FNDA:0,(anonymous_12)
FNDA:0,(anonymous_13)
DA:57,0
DA:59,0
DA:62,0
DA:70,0
DA:72,0
DA:73,0
DA:76,0
DA:81,0
DA:88,0
DA:90,0
DA:91,0
DA:94,0
DA:99,0
DA:101,0
DA:102,0
DA:105,0
DA:110,0
DA:112,0
DA:114,0
DA:117,0
DA:118,0
DA:123,0
DA:125,0
LF:23
LH:0
BRF:0
BRH:0
end_of_record
TN:
SF:/Users/piya/Desktop/lad/yod10-tutorial-frontend/src/components/TutorialsList.vue
FN:61,(anonymous_0)
FN:70,(anonymous_1)
FN:72,(anonymous_2)
FN:76,(anonymous_3)
FN:81,(anonymous_4)
FN:87,(anonymous_5)
FN:92,(anonymous_6)
FN:94,(anonymous_7)
FN:98,(anonymous_8)
FN:103,(anonymous_9)
FN:105,(anonymous_10)
FN:109,(anonymous_11)
FN:114,(anonymous_12)
FNF:13
FNH:3
FNDA:1,(anonymous_0)
FNDA:1,(anonymous_1)
FNDA:0,(anonymous_2)
FNDA:0,(anonymous_3)
FNDA:0,(anonymous_4)
FNDA:0,(anonymous_5)
FNDA:0,(anonymous_6)
FNDA:0,(anonymous_7)
FNDA:0,(anonymous_8)
FNDA:0,(anonymous_9)
FNDA:0,(anonymous_10)
FNDA:0,(anonymous_11)
FNDA:1,(anonymous_12)
DA:57,1
DA:59,1
DA:62,1
DA:71,1
DA:73,0
DA:74,0
DA:77,0
DA:82,0
DA:83,0
DA:84,0
DA:88,0
DA:89,0
DA:93,0
DA:95,0
DA:96,0
DA:99,0
DA:104,0
DA:106,0
DA:107,0
DA:110,0
DA:115,1
LF:21
LH:5
BRF:0
BRH:0
end_of_record
TN:
SF:/Users/piya/Desktop/lad/yod10-tutorial-frontend/src/router/index.js
FN:8,(anonymous_0)
FN:13,(anonymous_1)
FN:18,(anonymous_2)
FNF:3
FNH:0
FNDA:0,(anonymous_0)
FNDA:0,(anonymous_1)
FNDA:0,(anonymous_2)
DA:3,0
DA:8,0
DA:13,0
DA:18,0
DA:22,0
LF:5
LH:0
BRF:0
BRH:0
end_of_record
TN:
SF:/Users/piya/Desktop/lad/yod10-tutorial-frontend/src/services/TutorialDataService.js
FN:4,(anonymous_0)
FN:8,(anonymous_1)
FN:12,(anonymous_2)
FN:16,(anonymous_3)
FN:20,(anonymous_4)
FN:24,(anonymous_5)
FN:28,(anonymous_6)
FNF:7
FNH:1
FNDA:1,(anonymous_0)
FNDA:0,(anonymous_1)
FNDA:0,(anonymous_2)
FNDA:0,(anonymous_3)
FNDA:0,(anonymous_4)
FNDA:0,(anonymous_5)
FNDA:0,(anonymous_6)
DA:5,1
DA:9,0
DA:13,0
DA:17,0
DA:21,0
DA:25,0
DA:29,0
LF:7
LH:1
BRF:0
BRH:0
end_of_record
